2025-01-28T12:06:10.927+05:30  INFO 8236 --- [SpringBootShoppingApp] [restartedMain] c.e.d.SpringBootShoppingAppApplication   : Starting SpringBootShoppingAppApplication using Java 21.0.5 with PID 8236 (C:\Users\2380226\git\repository\SpringBootShoppingApp\target\classes started by 2380226 in C:\Users\2380226\git\repository\SpringBootShoppingApp)
2025-01-28T12:06:10.940+05:30  INFO 8236 --- [SpringBootShoppingApp] [restartedMain] c.e.d.SpringBootShoppingAppApplication   : No active profile set, falling back to 1 default profile: "default"
2025-01-28T12:06:11.039+05:30  INFO 8236 --- [SpringBootShoppingApp] [restartedMain] .e.DevToolsPropertyDefaultsPostProcessor : Devtools property defaults active! Set 'spring.devtools.add-properties' to 'false' to disable
2025-01-28T12:06:11.040+05:30  INFO 8236 --- [SpringBootShoppingApp] [restartedMain] .e.DevToolsPropertyDefaultsPostProcessor : For additional web related logging consider setting the 'logging.level.web' property to 'DEBUG'
2025-01-28T12:06:12.229+05:30  INFO 8236 --- [SpringBootShoppingApp] [restartedMain] .s.d.r.c.RepositoryConfigurationDelegate : Bootstrapping Spring Data JPA repositories in DEFAULT mode.
2025-01-28T12:06:12.324+05:30  INFO 8236 --- [SpringBootShoppingApp] [restartedMain] .s.d.r.c.RepositoryConfigurationDelegate : Finished Spring Data repository scanning in 73 ms. Found 2 JPA repository interfaces.
2025-01-28T12:06:13.015+05:30  INFO 8236 --- [SpringBootShoppingApp] [restartedMain] o.s.b.w.embedded.tomcat.TomcatWebServer  : Tomcat initialized with port 8090 (http)
2025-01-28T12:06:13.035+05:30  INFO 8236 --- [SpringBootShoppingApp] [restartedMain] o.apache.catalina.core.StandardService   : Starting service [Tomcat]
2025-01-28T12:06:13.035+05:30  INFO 8236 --- [SpringBootShoppingApp] [restartedMain] o.apache.catalina.core.StandardEngine    : Starting Servlet engine: [Apache Tomcat/10.1.34]
2025-01-28T12:06:13.114+05:30  INFO 8236 --- [SpringBootShoppingApp] [restartedMain] o.a.c.c.C.[Tomcat].[localhost].[/]       : Initializing Spring embedded WebApplicationContext
2025-01-28T12:06:13.115+05:30  INFO 8236 --- [SpringBootShoppingApp] [restartedMain] w.s.c.ServletWebServerApplicationContext : Root WebApplicationContext: initialization completed in 2074 ms
2025-01-28T12:06:13.320+05:30  INFO 8236 --- [SpringBootShoppingApp] [restartedMain] o.hibernate.jpa.internal.util.LogHelper  : HHH000204: Processing PersistenceUnitInfo [name: default]
2025-01-28T12:06:13.431+05:30  INFO 8236 --- [SpringBootShoppingApp] [restartedMain] org.hibernate.Version                    : HHH000412: Hibernate ORM core version 6.6.4.Final
2025-01-28T12:06:13.489+05:30  INFO 8236 --- [SpringBootShoppingApp] [restartedMain] o.h.c.internal.RegionFactoryInitiator    : HHH000026: Second-level cache disabled
2025-01-28T12:06:13.940+05:30  INFO 8236 --- [SpringBootShoppingApp] [restartedMain] o.s.o.j.p.SpringPersistenceUnitInfo      : No LoadTimeWeaver setup: ignoring JPA class transformer
2025-01-28T12:06:13.983+05:30  INFO 8236 --- [SpringBootShoppingApp] [restartedMain] com.zaxxer.hikari.HikariDataSource       : HikariPool-1 - Starting...
2025-01-28T12:06:14.481+05:30  INFO 8236 --- [SpringBootShoppingApp] [restartedMain] com.zaxxer.hikari.pool.HikariPool        : HikariPool-1 - Added connection com.mysql.cj.jdbc.ConnectionImpl@6e868442
2025-01-28T12:06:14.484+05:30  INFO 8236 --- [SpringBootShoppingApp] [restartedMain] com.zaxxer.hikari.HikariDataSource       : HikariPool-1 - Start completed.
2025-01-28T12:06:14.629+05:30  INFO 8236 --- [SpringBootShoppingApp] [restartedMain] org.hibernate.orm.connections.pooling    : HHH10001005: Database info:
	Database JDBC URL [Connecting through datasource 'HikariDataSource (HikariPool-1)']
	Database driver: undefined/unknown
	Database version: 8.0.40
	Autocommit mode: undefined/unknown
	Isolation level: undefined/unknown
	Minimum pool size: undefined/unknown
	Maximum pool size: undefined/unknown
2025-01-28T12:06:15.956+05:30  INFO 8236 --- [SpringBootShoppingApp] [restartedMain] o.h.e.t.j.p.i.JtaPlatformInitiator       : HHH000489: No JTA platform available (set 'hibernate.transaction.jta.platform' to enable JTA platform integration)
2025-01-28T12:06:16.441+05:30  WARN 8236 --- [SpringBootShoppingApp] [restartedMain] o.h.t.s.i.ExceptionHandlerLoggedImpl     : GenerationTarget encountered exception accepting command : Error executing DDL "alter table product drop foreign key FK4dk3kwbu3jpiq1xxbmkasv9n3" via JDBC [Can't DROP 'FK4dk3kwbu3jpiq1xxbmkasv9n3'; check that column/key exists]

org.hibernate.tool.schema.spi.CommandAcceptanceException: Error executing DDL "alter table product drop foreign key FK4dk3kwbu3jpiq1xxbmkasv9n3" via JDBC [Can't DROP 'FK4dk3kwbu3jpiq1xxbmkasv9n3'; check that column/key exists]
	at org.hibernate.tool.schema.internal.exec.GenerationTargetToDatabase.accept(GenerationTargetToDatabase.java:94) ~[hibernate-core-6.6.4.Final.jar:6.6.4.Final]
	at org.hibernate.tool.schema.internal.Helper.applySqlString(Helper.java:233) ~[hibernate-core-6.6.4.Final.jar:6.6.4.Final]
	at org.hibernate.tool.schema.internal.Helper.applySqlStrings(Helper.java:217) ~[hibernate-core-6.6.4.Final.jar:6.6.4.Final]
	at org.hibernate.tool.schema.internal.SchemaDropperImpl.applyConstraintDropping(SchemaDropperImpl.java:479) ~[hibernate-core-6.6.4.Final.jar:6.6.4.Final]
	at org.hibernate.tool.schema.internal.SchemaDropperImpl.dropConstraintsTablesSequences(SchemaDropperImpl.java:245) ~[hibernate-core-6.6.4.Final.jar:6.6.4.Final]
	at org.hibernate.tool.schema.internal.SchemaDropperImpl.dropFromMetadata(SchemaDropperImpl.java:218) ~[hibernate-core-6.6.4.Final.jar:6.6.4.Final]
	at org.hibernate.tool.schema.internal.SchemaDropperImpl.performDrop(SchemaDropperImpl.java:186) ~[hibernate-core-6.6.4.Final.jar:6.6.4.Final]
	at org.hibernate.tool.schema.internal.SchemaDropperImpl.doDrop(SchemaDropperImpl.java:156) ~[hibernate-core-6.6.4.Final.jar:6.6.4.Final]
	at org.hibernate.tool.schema.internal.SchemaDropperImpl.doDrop(SchemaDropperImpl.java:116) ~[hibernate-core-6.6.4.Final.jar:6.6.4.Final]
	at org.hibernate.tool.schema.spi.SchemaManagementToolCoordinator.performDatabaseAction(SchemaManagementToolCoordinator.java:238) ~[hibernate-core-6.6.4.Final.jar:6.6.4.Final]
	at org.hibernate.tool.schema.spi.SchemaManagementToolCoordinator.lambda$process$5(SchemaManagementToolCoordinator.java:144) ~[hibernate-core-6.6.4.Final.jar:6.6.4.Final]
	at java.base/java.util.HashMap.forEach(HashMap.java:1429) ~[na:na]
	at org.hibernate.tool.schema.spi.SchemaManagementToolCoordinator.process(SchemaManagementToolCoordinator.java:141) ~[hibernate-core-6.6.4.Final.jar:6.6.4.Final]
	at org.hibernate.boot.internal.SessionFactoryObserverForSchemaExport.sessionFactoryCreated(SessionFactoryObserverForSchemaExport.java:37) ~[hibernate-core-6.6.4.Final.jar:6.6.4.Final]
	at org.hibernate.internal.SessionFactoryObserverChain.sessionFactoryCreated(SessionFactoryObserverChain.java:35) ~[hibernate-core-6.6.4.Final.jar:6.6.4.Final]
	at org.hibernate.internal.SessionFactoryImpl.<init>(SessionFactoryImpl.java:324) ~[hibernate-core-6.6.4.Final.jar:6.6.4.Final]
	at org.hibernate.boot.internal.SessionFactoryBuilderImpl.build(SessionFactoryBuilderImpl.java:463) ~[hibernate-core-6.6.4.Final.jar:6.6.4.Final]
	at org.hibernate.jpa.boot.internal.EntityManagerFactoryBuilderImpl.build(EntityManagerFactoryBuilderImpl.java:1506) ~[hibernate-core-6.6.4.Final.jar:6.6.4.Final]
	at org.springframework.orm.jpa.vendor.SpringHibernateJpaPersistenceProvider.createContainerEntityManagerFactory(SpringHibernateJpaPersistenceProvider.java:66) ~[spring-orm-6.2.1.jar:6.2.1]
	at org.springframework.orm.jpa.LocalContainerEntityManagerFactoryBean.createNativeEntityManagerFactory(LocalContainerEntityManagerFactoryBean.java:390) ~[spring-orm-6.2.1.jar:6.2.1]
	at org.springframework.orm.jpa.AbstractEntityManagerFactoryBean.buildNativeEntityManagerFactory(AbstractEntityManagerFactoryBean.java:419) ~[spring-orm-6.2.1.jar:6.2.1]
	at org.springframework.orm.jpa.AbstractEntityManagerFactoryBean.afterPropertiesSet(AbstractEntityManagerFactoryBean.java:400) ~[spring-orm-6.2.1.jar:6.2.1]
	at org.springframework.orm.jpa.LocalContainerEntityManagerFactoryBean.afterPropertiesSet(LocalContainerEntityManagerFactoryBean.java:366) ~[spring-orm-6.2.1.jar:6.2.1]
	at org.springframework.beans.factory.support.AbstractAutowireCapableBeanFactory.invokeInitMethods(AbstractAutowireCapableBeanFactory.java:1855) ~[spring-beans-6.2.1.jar:6.2.1]
	at org.springframework.beans.factory.support.AbstractAutowireCapableBeanFactory.initializeBean(AbstractAutowireCapableBeanFactory.java:1804) ~[spring-beans-6.2.1.jar:6.2.1]
	at org.springframework.beans.factory.support.AbstractAutowireCapableBeanFactory.doCreateBean(AbstractAutowireCapableBeanFactory.java:601) ~[spring-beans-6.2.1.jar:6.2.1]
	at org.springframework.beans.factory.support.AbstractAutowireCapableBeanFactory.createBean(AbstractAutowireCapableBeanFactory.java:523) ~[spring-beans-6.2.1.jar:6.2.1]
	at org.springframework.beans.factory.support.AbstractBeanFactory.lambda$doGetBean$0(AbstractBeanFactory.java:336) ~[spring-beans-6.2.1.jar:6.2.1]
	at org.springframework.beans.factory.support.DefaultSingletonBeanRegistry.getSingleton(DefaultSingletonBeanRegistry.java:289) ~[spring-beans-6.2.1.jar:6.2.1]
	at org.springframework.beans.factory.support.AbstractBeanFactory.doGetBean(AbstractBeanFactory.java:334) ~[spring-beans-6.2.1.jar:6.2.1]
	at org.springframework.beans.factory.support.AbstractBeanFactory.getBean(AbstractBeanFactory.java:204) ~[spring-beans-6.2.1.jar:6.2.1]
	at org.springframework.context.support.AbstractApplicationContext.finishBeanFactoryInitialization(AbstractApplicationContext.java:970) ~[spring-context-6.2.1.jar:6.2.1]
	at org.springframework.context.support.AbstractApplicationContext.refresh(AbstractApplicationContext.java:627) ~[spring-context-6.2.1.jar:6.2.1]
	at org.springframework.boot.web.servlet.context.ServletWebServerApplicationContext.refresh(ServletWebServerApplicationContext.java:146) ~[spring-boot-3.4.1.jar:3.4.1]
	at org.springframework.boot.SpringApplication.refresh(SpringApplication.java:752) ~[spring-boot-3.4.1.jar:3.4.1]
	at org.springframework.boot.SpringApplication.refreshContext(SpringApplication.java:439) ~[spring-boot-3.4.1.jar:3.4.1]
	at org.springframework.boot.SpringApplication.run(SpringApplication.java:318) ~[spring-boot-3.4.1.jar:3.4.1]
	at org.springframework.boot.SpringApplication.run(SpringApplication.java:1361) ~[spring-boot-3.4.1.jar:3.4.1]
	at org.springframework.boot.SpringApplication.run(SpringApplication.java:1350) ~[spring-boot-3.4.1.jar:3.4.1]
	at com.example.demo.SpringBootShoppingAppApplication.main(SpringBootShoppingAppApplication.java:13) ~[classes/:na]
	at java.base/jdk.internal.reflect.DirectMethodHandleAccessor.invoke(DirectMethodHandleAccessor.java:103) ~[na:na]
	at java.base/java.lang.reflect.Method.invoke(Method.java:580) ~[na:na]
	at org.springframework.boot.devtools.restart.RestartLauncher.run(RestartLauncher.java:50) ~[spring-boot-devtools-3.4.1.jar:3.4.1]
Caused by: java.sql.SQLSyntaxErrorException: Can't DROP 'FK4dk3kwbu3jpiq1xxbmkasv9n3'; check that column/key exists
	at com.mysql.cj.jdbc.exceptions.SQLError.createSQLException(SQLError.java:112) ~[mysql-connector-j-9.1.0.jar:9.1.0]
	at com.mysql.cj.jdbc.exceptions.SQLExceptionsMapping.translateException(SQLExceptionsMapping.java:114) ~[mysql-connector-j-9.1.0.jar:9.1.0]
	at com.mysql.cj.jdbc.StatementImpl.executeInternal(StatementImpl.java:837) ~[mysql-connector-j-9.1.0.jar:9.1.0]
	at com.mysql.cj.jdbc.StatementImpl.execute(StatementImpl.java:685) ~[mysql-connector-j-9.1.0.jar:9.1.0]
	at com.zaxxer.hikari.pool.ProxyStatement.execute(ProxyStatement.java:94) ~[HikariCP-5.1.0.jar:na]
	at com.zaxxer.hikari.pool.HikariProxyStatement.execute(HikariProxyStatement.java) ~[HikariCP-5.1.0.jar:na]
	at org.hibernate.tool.schema.internal.exec.GenerationTargetToDatabase.accept(GenerationTargetToDatabase.java:80) ~[hibernate-core-6.6.4.Final.jar:6.6.4.Final]
	... 42 common frames omitted

2025-01-28T12:06:16.635+05:30  INFO 8236 --- [SpringBootShoppingApp] [restartedMain] j.LocalContainerEntityManagerFactoryBean : Initialized JPA EntityManagerFactory for persistence unit 'default'
2025-01-28T12:06:17.061+05:30  WARN 8236 --- [SpringBootShoppingApp] [restartedMain] JpaBaseConfiguration$JpaWebConfiguration : spring.jpa.open-in-view is enabled by default. Therefore, database queries may be performed during view rendering. Explicitly configure spring.jpa.open-in-view to disable this warning
2025-01-28T12:06:17.497+05:30  INFO 8236 --- [SpringBootShoppingApp] [restartedMain] o.s.b.d.a.OptionalLiveReloadServer       : LiveReload server is running on port 35729
2025-01-28T12:06:17.540+05:30  INFO 8236 --- [SpringBootShoppingApp] [restartedMain] o.s.b.w.embedded.tomcat.TomcatWebServer  : Tomcat started on port 8090 (http) with context path '/'
2025-01-28T12:06:17.550+05:30  INFO 8236 --- [SpringBootShoppingApp] [restartedMain] c.e.d.SpringBootShoppingAppApplication   : Started SpringBootShoppingAppApplication in 7.204 seconds (process running for 8.47)
2025-01-28T12:09:32.396+05:30  INFO 8236 --- [SpringBootShoppingApp] [http-nio-8090-exec-3] o.a.c.c.C.[Tomcat].[localhost].[/]       : Initializing Spring DispatcherServlet 'dispatcherServlet'
2025-01-28T12:09:32.397+05:30  INFO 8236 --- [SpringBootShoppingApp] [http-nio-8090-exec-3] o.s.web.servlet.DispatcherServlet        : Initializing Servlet 'dispatcherServlet'
2025-01-28T12:09:32.398+05:30  INFO 8236 --- [SpringBootShoppingApp] [http-nio-8090-exec-3] o.s.web.servlet.DispatcherServlet        : Completed initialization in 1 ms
2025-01-28T12:09:32.639+05:30  INFO 8236 --- [SpringBootShoppingApp] [http-nio-8090-exec-3] c.e.demo.controller.ProductController    : Product saved successfully: Product(productId=128, productName=Samsung, productPrice=24000, productCategory=Phone, productValidity=Sun Oct 10 05:30:00 IST 2027, cart=null)
2025-01-28T12:09:59.234+05:30  INFO 8236 --- [SpringBootShoppingApp] [http-nio-8090-exec-4] c.e.demo.controller.ProductController    : Product saved successfully: Product(productId=132, productName=Samsung, productPrice=54000, productCategory=TV, productValidity=Wed Oct 10 05:30:00 IST 2035, cart=null)
2025-01-28T12:19:26.186+05:30  WARN 8236 --- [SpringBootShoppingApp] [HikariPool-1 housekeeper] com.zaxxer.hikari.pool.HikariPool        : HikariPool-1 - Thread starvation or clock leap detected (housekeeper delta=1m11s402ms689µs800ns).
2025-01-28T12:21:08.225+05:30  INFO 8236 --- [SpringBootShoppingApp] [File Watcher] rtingClassPathChangeChangedEventListener : Restarting due to 1 class path change (0 additions, 0 deletions, 1 modification)
2025-01-28T12:21:08.229+05:30  INFO 8236 --- [SpringBootShoppingApp] [Thread-5] o.s.b.w.e.tomcat.GracefulShutdown        : Commencing graceful shutdown. Waiting for active requests to complete
2025-01-28T12:21:08.235+05:30  INFO 8236 --- [SpringBootShoppingApp] [tomcat-shutdown] o.s.b.w.e.tomcat.GracefulShutdown        : Graceful shutdown complete
2025-01-28T12:21:08.238+05:30  INFO 8236 --- [SpringBootShoppingApp] [Thread-5] j.LocalContainerEntityManagerFactoryBean : Closing JPA EntityManagerFactory for persistence unit 'default'
2025-01-28T12:21:08.240+05:30  INFO 8236 --- [SpringBootShoppingApp] [Thread-5] com.zaxxer.hikari.HikariDataSource       : HikariPool-1 - Shutdown initiated...
2025-01-28T12:21:08.248+05:30  INFO 8236 --- [SpringBootShoppingApp] [Thread-5] com.zaxxer.hikari.HikariDataSource       : HikariPool-1 - Shutdown completed.
2025-01-28T12:21:08.360+05:30  INFO 8236 --- [SpringBootShoppingApp] [restartedMain] c.e.d.SpringBootShoppingAppApplication   : Starting SpringBootShoppingAppApplication using Java 21.0.5 with PID 8236 (C:\Users\2380226\git\repository\SpringBootShoppingApp\target\classes started by 2380226 in C:\Users\2380226\git\repository\SpringBootShoppingApp)
2025-01-28T12:21:08.361+05:30  INFO 8236 --- [SpringBootShoppingApp] [restartedMain] c.e.d.SpringBootShoppingAppApplication   : No active profile set, falling back to 1 default profile: "default"
2025-01-28T12:21:08.695+05:30  INFO 8236 --- [SpringBootShoppingApp] [restartedMain] .s.d.r.c.RepositoryConfigurationDelegate : Bootstrapping Spring Data JPA repositories in DEFAULT mode.
2025-01-28T12:21:08.711+05:30  INFO 8236 --- [SpringBootShoppingApp] [restartedMain] .s.d.r.c.RepositoryConfigurationDelegate : Finished Spring Data repository scanning in 14 ms. Found 2 JPA repository interfaces.
2025-01-28T12:21:08.828+05:30  INFO 8236 --- [SpringBootShoppingApp] [restartedMain] o.s.b.w.embedded.tomcat.TomcatWebServer  : Tomcat initialized with port 8090 (http)
2025-01-28T12:21:08.831+05:30  INFO 8236 --- [SpringBootShoppingApp] [restartedMain] o.apache.catalina.core.StandardService   : Starting service [Tomcat]
2025-01-28T12:21:08.831+05:30  INFO 8236 --- [SpringBootShoppingApp] [restartedMain] o.apache.catalina.core.StandardEngine    : Starting Servlet engine: [Apache Tomcat/10.1.34]
2025-01-28T12:21:08.858+05:30  INFO 8236 --- [SpringBootShoppingApp] [restartedMain] o.a.c.c.C.[Tomcat].[localhost].[/]       : Initializing Spring embedded WebApplicationContext
2025-01-28T12:21:08.858+05:30  INFO 8236 --- [SpringBootShoppingApp] [restartedMain] w.s.c.ServletWebServerApplicationContext : Root WebApplicationContext: initialization completed in 493 ms
2025-01-28T12:21:08.891+05:30  INFO 8236 --- [SpringBootShoppingApp] [restartedMain] o.hibernate.jpa.internal.util.LogHelper  : HHH000204: Processing PersistenceUnitInfo [name: default]
2025-01-28T12:21:08.895+05:30  INFO 8236 --- [SpringBootShoppingApp] [restartedMain] o.h.c.internal.RegionFactoryInitiator    : HHH000026: Second-level cache disabled
2025-01-28T12:21:08.904+05:30  INFO 8236 --- [SpringBootShoppingApp] [restartedMain] o.s.o.j.p.SpringPersistenceUnitInfo      : No LoadTimeWeaver setup: ignoring JPA class transformer
2025-01-28T12:21:08.907+05:30  INFO 8236 --- [SpringBootShoppingApp] [restartedMain] com.zaxxer.hikari.HikariDataSource       : HikariPool-2 - Starting...
2025-01-28T12:21:08.924+05:30  INFO 8236 --- [SpringBootShoppingApp] [restartedMain] com.zaxxer.hikari.pool.HikariPool        : HikariPool-2 - Added connection com.mysql.cj.jdbc.ConnectionImpl@2663dc3b
2025-01-28T12:21:08.924+05:30  INFO 8236 --- [SpringBootShoppingApp] [restartedMain] com.zaxxer.hikari.HikariDataSource       : HikariPool-2 - Start completed.
2025-01-28T12:21:08.926+05:30  INFO 8236 --- [SpringBootShoppingApp] [restartedMain] org.hibernate.orm.connections.pooling    : HHH10001005: Database info:
	Database JDBC URL [Connecting through datasource 'HikariDataSource (HikariPool-2)']
	Database driver: undefined/unknown
	Database version: 8.0.40
	Autocommit mode: undefined/unknown
	Isolation level: undefined/unknown
	Minimum pool size: undefined/unknown
	Maximum pool size: undefined/unknown
2025-01-28T12:21:09.008+05:30  INFO 8236 --- [SpringBootShoppingApp] [restartedMain] o.h.e.t.j.p.i.JtaPlatformInitiator       : HHH000489: No JTA platform available (set 'hibernate.transaction.jta.platform' to enable JTA platform integration)
2025-01-28T12:21:09.182+05:30  INFO 8236 --- [SpringBootShoppingApp] [restartedMain] j.LocalContainerEntityManagerFactoryBean : Initialized JPA EntityManagerFactory for persistence unit 'default'
2025-01-28T12:21:09.252+05:30  WARN 8236 --- [SpringBootShoppingApp] [restartedMain] JpaBaseConfiguration$JpaWebConfiguration : spring.jpa.open-in-view is enabled by default. Therefore, database queries may be performed during view rendering. Explicitly configure spring.jpa.open-in-view to disable this warning
2025-01-28T12:21:09.340+05:30  INFO 8236 --- [SpringBootShoppingApp] [restartedMain] o.s.b.d.a.OptionalLiveReloadServer       : LiveReload server is running on port 35729
2025-01-28T12:21:09.350+05:30  INFO 8236 --- [SpringBootShoppingApp] [restartedMain] o.s.b.w.embedded.tomcat.TomcatWebServer  : Tomcat started on port 8090 (http) with context path '/'
2025-01-28T12:21:09.354+05:30  INFO 8236 --- [SpringBootShoppingApp] [restartedMain] c.e.d.SpringBootShoppingAppApplication   : Started SpringBootShoppingAppApplication in 1.02 seconds (process running for 900.273)
2025-01-28T12:21:09.356+05:30  INFO 8236 --- [SpringBootShoppingApp] [restartedMain] .ConditionEvaluationDeltaLoggingListener : Condition evaluation unchanged
2025-01-28T12:21:46.617+05:30  INFO 8236 --- [SpringBootShoppingApp] [File Watcher] rtingClassPathChangeChangedEventListener : Restarting due to 1 class path change (0 additions, 0 deletions, 1 modification)
2025-01-28T12:21:46.619+05:30  INFO 8236 --- [SpringBootShoppingApp] [Thread-7] o.s.b.w.e.tomcat.GracefulShutdown        : Commencing graceful shutdown. Waiting for active requests to complete
2025-01-28T12:21:46.624+05:30  INFO 8236 --- [SpringBootShoppingApp] [tomcat-shutdown] o.s.b.w.e.tomcat.GracefulShutdown        : Graceful shutdown complete
2025-01-28T12:21:46.626+05:30  INFO 8236 --- [SpringBootShoppingApp] [Thread-7] j.LocalContainerEntityManagerFactoryBean : Closing JPA EntityManagerFactory for persistence unit 'default'
2025-01-28T12:21:46.627+05:30  INFO 8236 --- [SpringBootShoppingApp] [Thread-7] com.zaxxer.hikari.HikariDataSource       : HikariPool-2 - Shutdown initiated...
2025-01-28T12:21:46.633+05:30  INFO 8236 --- [SpringBootShoppingApp] [Thread-7] com.zaxxer.hikari.HikariDataSource       : HikariPool-2 - Shutdown completed.
2025-01-28T12:21:46.693+05:30  INFO 8236 --- [SpringBootShoppingApp] [restartedMain] c.e.d.SpringBootShoppingAppApplication   : Starting SpringBootShoppingAppApplication using Java 21.0.5 with PID 8236 (C:\Users\2380226\git\repository\SpringBootShoppingApp\target\classes started by 2380226 in C:\Users\2380226\git\repository\SpringBootShoppingApp)
2025-01-28T12:21:46.694+05:30  INFO 8236 --- [SpringBootShoppingApp] [restartedMain] c.e.d.SpringBootShoppingAppApplication   : No active profile set, falling back to 1 default profile: "default"
2025-01-28T12:21:46.813+05:30  INFO 8236 --- [SpringBootShoppingApp] [restartedMain] .s.d.r.c.RepositoryConfigurationDelegate : Bootstrapping Spring Data JPA repositories in DEFAULT mode.
2025-01-28T12:21:46.824+05:30  INFO 8236 --- [SpringBootShoppingApp] [restartedMain] .s.d.r.c.RepositoryConfigurationDelegate : Finished Spring Data repository scanning in 11 ms. Found 2 JPA repository interfaces.
2025-01-28T12:21:46.889+05:30  INFO 8236 --- [SpringBootShoppingApp] [restartedMain] o.s.b.w.embedded.tomcat.TomcatWebServer  : Tomcat initialized with port 8090 (http)
2025-01-28T12:21:46.889+05:30  INFO 8236 --- [SpringBootShoppingApp] [restartedMain] o.apache.catalina.core.StandardService   : Starting service [Tomcat]
2025-01-28T12:21:46.889+05:30  INFO 8236 --- [SpringBootShoppingApp] [restartedMain] o.apache.catalina.core.StandardEngine    : Starting Servlet engine: [Apache Tomcat/10.1.34]
2025-01-28T12:21:46.908+05:30  INFO 8236 --- [SpringBootShoppingApp] [restartedMain] o.a.c.c.C.[Tomcat].[localhost].[/]       : Initializing Spring embedded WebApplicationContext
2025-01-28T12:21:46.908+05:30  INFO 8236 --- [SpringBootShoppingApp] [restartedMain] w.s.c.ServletWebServerApplicationContext : Root WebApplicationContext: initialization completed in 211 ms
2025-01-28T12:21:46.928+05:30  INFO 8236 --- [SpringBootShoppingApp] [restartedMain] o.hibernate.jpa.internal.util.LogHelper  : HHH000204: Processing PersistenceUnitInfo [name: default]
2025-01-28T12:21:46.930+05:30  INFO 8236 --- [SpringBootShoppingApp] [restartedMain] o.h.c.internal.RegionFactoryInitiator    : HHH000026: Second-level cache disabled
2025-01-28T12:21:46.937+05:30  INFO 8236 --- [SpringBootShoppingApp] [restartedMain] o.s.o.j.p.SpringPersistenceUnitInfo      : No LoadTimeWeaver setup: ignoring JPA class transformer
2025-01-28T12:21:46.938+05:30  INFO 8236 --- [SpringBootShoppingApp] [restartedMain] com.zaxxer.hikari.HikariDataSource       : HikariPool-3 - Starting...
2025-01-28T12:21:46.949+05:30  INFO 8236 --- [SpringBootShoppingApp] [restartedMain] com.zaxxer.hikari.pool.HikariPool        : HikariPool-3 - Added connection com.mysql.cj.jdbc.ConnectionImpl@1eb4f969
2025-01-28T12:21:46.950+05:30  INFO 8236 --- [SpringBootShoppingApp] [restartedMain] com.zaxxer.hikari.HikariDataSource       : HikariPool-3 - Start completed.
2025-01-28T12:21:46.951+05:30  INFO 8236 --- [SpringBootShoppingApp] [restartedMain] org.hibernate.orm.connections.pooling    : HHH10001005: Database info:
	Database JDBC URL [Connecting through datasource 'HikariDataSource (HikariPool-3)']
	Database driver: undefined/unknown
	Database version: 8.0.40
	Autocommit mode: undefined/unknown
	Isolation level: undefined/unknown
	Minimum pool size: undefined/unknown
	Maximum pool size: undefined/unknown
2025-01-28T12:21:47.011+05:30  INFO 8236 --- [SpringBootShoppingApp] [restartedMain] o.h.e.t.j.p.i.JtaPlatformInitiator       : HHH000489: No JTA platform available (set 'hibernate.transaction.jta.platform' to enable JTA platform integration)
2025-01-28T12:21:47.160+05:30  INFO 8236 --- [SpringBootShoppingApp] [restartedMain] j.LocalContainerEntityManagerFactoryBean : Initialized JPA EntityManagerFactory for persistence unit 'default'
2025-01-28T12:21:47.209+05:30  WARN 8236 --- [SpringBootShoppingApp] [restartedMain] JpaBaseConfiguration$JpaWebConfiguration : spring.jpa.open-in-view is enabled by default. Therefore, database queries may be performed during view rendering. Explicitly configure spring.jpa.open-in-view to disable this warning
2025-01-28T12:21:47.267+05:30  INFO 8236 --- [SpringBootShoppingApp] [restartedMain] o.s.b.d.a.OptionalLiveReloadServer       : LiveReload server is running on port 35729
2025-01-28T12:21:47.283+05:30  INFO 8236 --- [SpringBootShoppingApp] [restartedMain] o.s.b.w.embedded.tomcat.TomcatWebServer  : Tomcat started on port 8090 (http) with context path '/'
2025-01-28T12:21:47.287+05:30  INFO 8236 --- [SpringBootShoppingApp] [restartedMain] c.e.d.SpringBootShoppingAppApplication   : Started SpringBootShoppingAppApplication in 0.613 seconds (process running for 938.206)
2025-01-28T12:21:47.289+05:30  INFO 8236 --- [SpringBootShoppingApp] [restartedMain] .ConditionEvaluationDeltaLoggingListener : Condition evaluation unchanged
2025-01-28T12:24:30.624+05:30  INFO 8236 --- [SpringBootShoppingApp] [http-nio-8090-exec-2] o.a.c.c.C.[Tomcat].[localhost].[/]       : Initializing Spring DispatcherServlet 'dispatcherServlet'
2025-01-28T12:24:30.624+05:30  INFO 8236 --- [SpringBootShoppingApp] [http-nio-8090-exec-2] o.s.web.servlet.DispatcherServlet        : Initializing Servlet 'dispatcherServlet'
2025-01-28T12:24:30.626+05:30  INFO 8236 --- [SpringBootShoppingApp] [http-nio-8090-exec-2] o.s.web.servlet.DispatcherServlet        : Completed initialization in 1 ms
2025-01-28T12:24:30.702+05:30  WARN 8236 --- [SpringBootShoppingApp] [http-nio-8090-exec-2] .m.m.a.ExceptionHandlerExceptionResolver : Resolved [org.springframework.web.bind.MethodArgumentNotValidException: Validation failed for argument [0] in public java.lang.String com.example.demo.controller.ProductController.saveProduct(com.example.demo.entity.Product) with 3 errors: [Field error in object 'product' on field 'productName': rejected value [null]; codes [NotBlank.product.productName,NotBlank.productName,NotBlank.java.lang.String,NotBlank]; arguments [org.springframework.context.support.DefaultMessageSourceResolvable: codes [product.productName,productName]; arguments []; default message [productName]]; default message [Product name is mandatory]] [Field error in object 'product' on field 'productPrice': rejected value [0]; codes [Min.product.productPrice,Min.productPrice,Min.int,Min]; arguments [org.springframework.context.support.DefaultMessageSourceResolvable: codes [product.productPrice,productPrice]; arguments []; default message [productPrice],100]; default message [Product price should be greater than or equal to 0]] [Field error in object 'product' on field 'productCategory': rejected value [null]; codes [NotBlank.product.productCategory,NotBlank.productCategory,NotBlank.java.lang.String,NotBlank]; arguments [org.springframework.context.support.DefaultMessageSourceResolvable: codes [product.productCategory,productCategory]; arguments []; default message [productCategory]]; default message [Product category is mandatory]] ]
2025-01-28T12:24:53.136+05:30  WARN 8236 --- [SpringBootShoppingApp] [http-nio-8090-exec-5] .m.m.a.ExceptionHandlerExceptionResolver : Resolved [org.springframework.web.bind.MethodArgumentNotValidException: Validation failed for argument [0] in public java.lang.String com.example.demo.controller.ProductController.saveProduct(com.example.demo.entity.Product) with 3 errors: [Field error in object 'product' on field 'productName': rejected value [null]; codes [NotBlank.product.productName,NotBlank.productName,NotBlank.java.lang.String,NotBlank]; arguments [org.springframework.context.support.DefaultMessageSourceResolvable: codes [product.productName,productName]; arguments []; default message [productName]]; default message [Product name is mandatory]] [Field error in object 'product' on field 'productPrice': rejected value [0]; codes [Min.product.productPrice,Min.productPrice,Min.int,Min]; arguments [org.springframework.context.support.DefaultMessageSourceResolvable: codes [product.productPrice,productPrice]; arguments []; default message [productPrice],100]; default message [Product price should be greater than or equal to 0]] [Field error in object 'product' on field 'productCategory': rejected value [null]; codes [NotBlank.product.productCategory,NotBlank.productCategory,NotBlank.java.lang.String,NotBlank]; arguments [org.springframework.context.support.DefaultMessageSourceResolvable: codes [product.productCategory,productCategory]; arguments []; default message [productCategory]]; default message [Product category is mandatory]] ]
2025-01-28T12:25:08.469+05:30  INFO 8236 --- [SpringBootShoppingApp] [RMI TCP Connection(34)-127.0.0.1] inMXBeanRegistrar$SpringApplicationAdmin : Application shutdown requested.
2025-01-28T12:25:08.470+05:30  INFO 8236 --- [SpringBootShoppingApp] [RMI TCP Connection(34)-127.0.0.1] o.s.b.w.e.tomcat.GracefulShutdown        : Commencing graceful shutdown. Waiting for active requests to complete
2025-01-28T12:25:08.474+05:30  INFO 8236 --- [SpringBootShoppingApp] [tomcat-shutdown] o.s.b.w.e.tomcat.GracefulShutdown        : Graceful shutdown complete
2025-01-28T12:25:08.476+05:30  INFO 8236 --- [SpringBootShoppingApp] [RMI TCP Connection(34)-127.0.0.1] j.LocalContainerEntityManagerFactoryBean : Closing JPA EntityManagerFactory for persistence unit 'default'
2025-01-28T12:25:08.477+05:30  INFO 8236 --- [SpringBootShoppingApp] [RMI TCP Connection(34)-127.0.0.1] com.zaxxer.hikari.HikariDataSource       : HikariPool-3 - Shutdown initiated...
2025-01-28T12:25:08.482+05:30  INFO 8236 --- [SpringBootShoppingApp] [RMI TCP Connection(34)-127.0.0.1] com.zaxxer.hikari.HikariDataSource       : HikariPool-3 - Shutdown completed.
2025-01-28T12:25:12.966+05:30  INFO 18364 --- [SpringBootShoppingApp] [restartedMain] c.e.d.SpringBootShoppingAppApplication   : Starting SpringBootShoppingAppApplication using Java 21.0.5 with PID 18364 (C:\Users\2380226\git\repository\SpringBootShoppingApp\target\classes started by 2380226 in C:\Users\2380226\git\repository\SpringBootShoppingApp)
2025-01-28T12:25:12.967+05:30  INFO 18364 --- [SpringBootShoppingApp] [restartedMain] c.e.d.SpringBootShoppingAppApplication   : No active profile set, falling back to 1 default profile: "default"
2025-01-28T12:25:13.016+05:30  INFO 18364 --- [SpringBootShoppingApp] [restartedMain] .e.DevToolsPropertyDefaultsPostProcessor : Devtools property defaults active! Set 'spring.devtools.add-properties' to 'false' to disable
2025-01-28T12:25:13.016+05:30  INFO 18364 --- [SpringBootShoppingApp] [restartedMain] .e.DevToolsPropertyDefaultsPostProcessor : For additional web related logging consider setting the 'logging.level.web' property to 'DEBUG'
2025-01-28T12:25:13.634+05:30  INFO 18364 --- [SpringBootShoppingApp] [restartedMain] .s.d.r.c.RepositoryConfigurationDelegate : Bootstrapping Spring Data JPA repositories in DEFAULT mode.
2025-01-28T12:25:13.706+05:30  INFO 18364 --- [SpringBootShoppingApp] [restartedMain] .s.d.r.c.RepositoryConfigurationDelegate : Finished Spring Data repository scanning in 62 ms. Found 2 JPA repository interfaces.
2025-01-28T12:25:14.141+05:30  INFO 18364 --- [SpringBootShoppingApp] [restartedMain] o.s.b.w.embedded.tomcat.TomcatWebServer  : Tomcat initialized with port 8090 (http)
2025-01-28T12:25:14.154+05:30  INFO 18364 --- [SpringBootShoppingApp] [restartedMain] o.apache.catalina.core.StandardService   : Starting service [Tomcat]
2025-01-28T12:25:14.155+05:30  INFO 18364 --- [SpringBootShoppingApp] [restartedMain] o.apache.catalina.core.StandardEngine    : Starting Servlet engine: [Apache Tomcat/10.1.34]
2025-01-28T12:25:14.220+05:30  INFO 18364 --- [SpringBootShoppingApp] [restartedMain] o.a.c.c.C.[Tomcat].[localhost].[/]       : Initializing Spring embedded WebApplicationContext
2025-01-28T12:25:14.221+05:30  INFO 18364 --- [SpringBootShoppingApp] [restartedMain] w.s.c.ServletWebServerApplicationContext : Root WebApplicationContext: initialization completed in 1204 ms
2025-01-28T12:25:14.337+05:30  INFO 18364 --- [SpringBootShoppingApp] [restartedMain] o.hibernate.jpa.internal.util.LogHelper  : HHH000204: Processing PersistenceUnitInfo [name: default]
2025-01-28T12:25:14.378+05:30  INFO 18364 --- [SpringBootShoppingApp] [restartedMain] org.hibernate.Version                    : HHH000412: Hibernate ORM core version 6.6.4.Final
2025-01-28T12:25:14.408+05:30  INFO 18364 --- [SpringBootShoppingApp] [restartedMain] o.h.c.internal.RegionFactoryInitiator    : HHH000026: Second-level cache disabled
2025-01-28T12:25:14.806+05:30  INFO 18364 --- [SpringBootShoppingApp] [restartedMain] o.s.o.j.p.SpringPersistenceUnitInfo      : No LoadTimeWeaver setup: ignoring JPA class transformer
2025-01-28T12:25:14.848+05:30  INFO 18364 --- [SpringBootShoppingApp] [restartedMain] com.zaxxer.hikari.HikariDataSource       : HikariPool-1 - Starting...
2025-01-28T12:25:15.261+05:30  INFO 18364 --- [SpringBootShoppingApp] [restartedMain] com.zaxxer.hikari.pool.HikariPool        : HikariPool-1 - Added connection com.mysql.cj.jdbc.ConnectionImpl@12ba2deb
2025-01-28T12:25:15.264+05:30  INFO 18364 --- [SpringBootShoppingApp] [restartedMain] com.zaxxer.hikari.HikariDataSource       : HikariPool-1 - Start completed.
2025-01-28T12:25:15.357+05:30  INFO 18364 --- [SpringBootShoppingApp] [restartedMain] org.hibernate.orm.connections.pooling    : HHH10001005: Database info:
	Database JDBC URL [Connecting through datasource 'HikariDataSource (HikariPool-1)']
	Database driver: undefined/unknown
	Database version: 8.0.40
	Autocommit mode: undefined/unknown
	Isolation level: undefined/unknown
	Minimum pool size: undefined/unknown
	Maximum pool size: undefined/unknown
2025-01-28T12:25:16.392+05:30  INFO 18364 --- [SpringBootShoppingApp] [restartedMain] o.h.e.t.j.p.i.JtaPlatformInitiator       : HHH000489: No JTA platform available (set 'hibernate.transaction.jta.platform' to enable JTA platform integration)
2025-01-28T12:25:16.646+05:30  INFO 18364 --- [SpringBootShoppingApp] [restartedMain] j.LocalContainerEntityManagerFactoryBean : Initialized JPA EntityManagerFactory for persistence unit 'default'
2025-01-28T12:25:16.968+05:30  WARN 18364 --- [SpringBootShoppingApp] [restartedMain] JpaBaseConfiguration$JpaWebConfiguration : spring.jpa.open-in-view is enabled by default. Therefore, database queries may be performed during view rendering. Explicitly configure spring.jpa.open-in-view to disable this warning
2025-01-28T12:25:17.376+05:30  INFO 18364 --- [SpringBootShoppingApp] [restartedMain] o.s.b.d.a.OptionalLiveReloadServer       : LiveReload server is running on port 35729
2025-01-28T12:25:17.467+05:30  INFO 18364 --- [SpringBootShoppingApp] [restartedMain] o.s.b.w.embedded.tomcat.TomcatWebServer  : Tomcat started on port 8090 (http) with context path '/'
2025-01-28T12:25:17.475+05:30  INFO 18364 --- [SpringBootShoppingApp] [restartedMain] c.e.d.SpringBootShoppingAppApplication   : Started SpringBootShoppingAppApplication in 4.855 seconds (process running for 6.013)
2025-01-28T12:26:00.857+05:30  INFO 18364 --- [SpringBootShoppingApp] [http-nio-8090-exec-1] o.a.c.c.C.[Tomcat].[localhost].[/]       : Initializing Spring DispatcherServlet 'dispatcherServlet'
2025-01-28T12:26:00.857+05:30  INFO 18364 --- [SpringBootShoppingApp] [http-nio-8090-exec-1] o.s.web.servlet.DispatcherServlet        : Initializing Servlet 'dispatcherServlet'
2025-01-28T12:26:00.858+05:30  INFO 18364 --- [SpringBootShoppingApp] [http-nio-8090-exec-1] o.s.web.servlet.DispatcherServlet        : Completed initialization in 1 ms
2025-01-28T12:26:01.005+05:30  WARN 18364 --- [SpringBootShoppingApp] [http-nio-8090-exec-1] .m.m.a.ExceptionHandlerExceptionResolver : Resolved [org.springframework.web.bind.MethodArgumentNotValidException: Validation failed for argument [0] in public java.lang.String com.example.demo.controller.ProductController.saveProduct(com.example.demo.entity.Product) with 3 errors: [Field error in object 'product' on field 'productPrice': rejected value [0]; codes [Min.product.productPrice,Min.productPrice,Min.int,Min]; arguments [org.springframework.context.support.DefaultMessageSourceResolvable: codes [product.productPrice,productPrice]; arguments []; default message [productPrice],100]; default message [Product price should be greater than or equal to 0]] [Field error in object 'product' on field 'productCategory': rejected value [null]; codes [NotBlank.product.productCategory,NotBlank.productCategory,NotBlank.java.lang.String,NotBlank]; arguments [org.springframework.context.support.DefaultMessageSourceResolvable: codes [product.productCategory,productCategory]; arguments []; default message [productCategory]]; default message [Product category is mandatory]] [Field error in object 'product' on field 'productName': rejected value [null]; codes [NotBlank.product.productName,NotBlank.productName,NotBlank.java.lang.String,NotBlank]; arguments [org.springframework.context.support.DefaultMessageSourceResolvable: codes [product.productName,productName]; arguments []; default message [productName]]; default message [Product name is mandatory]] ]
2025-01-28T12:27:19.600+05:30  WARN 18364 --- [SpringBootShoppingApp] [http-nio-8090-exec-3] .m.m.a.ExceptionHandlerExceptionResolver : Resolved [org.springframework.web.bind.MethodArgumentNotValidException: Validation failed for argument [0] in public java.lang.String com.example.demo.controller.ProductController.saveProduct(com.example.demo.entity.Product) with 3 errors: [Field error in object 'product' on field 'productName': rejected value [null]; codes [NotBlank.product.productName,NotBlank.productName,NotBlank.java.lang.String,NotBlank]; arguments [org.springframework.context.support.DefaultMessageSourceResolvable: codes [product.productName,productName]; arguments []; default message [productName]]; default message [Product name is mandatory]] [Field error in object 'product' on field 'productPrice': rejected value [0]; codes [Min.product.productPrice,Min.productPrice,Min.int,Min]; arguments [org.springframework.context.support.DefaultMessageSourceResolvable: codes [product.productPrice,productPrice]; arguments []; default message [productPrice],100]; default message [Product price should be greater than or equal to 0]] [Field error in object 'product' on field 'productCategory': rejected value [null]; codes [NotBlank.product.productCategory,NotBlank.productCategory,NotBlank.java.lang.String,NotBlank]; arguments [org.springframework.context.support.DefaultMessageSourceResolvable: codes [product.productCategory,productCategory]; arguments []; default message [productCategory]]; default message [Product category is mandatory]] ]
2025-01-28T12:40:54.257+05:30  WARN 18364 --- [SpringBootShoppingApp] [HikariPool-1 housekeeper] com.zaxxer.hikari.pool.HikariPool        : HikariPool-1 - Thread starvation or clock leap detected (housekeeper delta=2m8s704ms787µs200ns).
2025-01-28T12:49:06.755+05:30  INFO 18364 --- [SpringBootShoppingApp] [File Watcher] rtingClassPathChangeChangedEventListener : Restarting due to 3 class path changes (0 additions, 0 deletions, 3 modifications)
2025-01-28T12:49:06.759+05:30  INFO 18364 --- [SpringBootShoppingApp] [Thread-5] o.s.b.w.e.tomcat.GracefulShutdown        : Commencing graceful shutdown. Waiting for active requests to complete
2025-01-28T12:49:06.767+05:30  INFO 18364 --- [SpringBootShoppingApp] [tomcat-shutdown] o.s.b.w.e.tomcat.GracefulShutdown        : Graceful shutdown complete
2025-01-28T12:49:06.773+05:30  INFO 18364 --- [SpringBootShoppingApp] [Thread-5] j.LocalContainerEntityManagerFactoryBean : Closing JPA EntityManagerFactory for persistence unit 'default'
2025-01-28T12:49:06.778+05:30  INFO 18364 --- [SpringBootShoppingApp] [Thread-5] com.zaxxer.hikari.HikariDataSource       : HikariPool-1 - Shutdown initiated...
2025-01-28T12:49:06.787+05:30  INFO 18364 --- [SpringBootShoppingApp] [Thread-5] com.zaxxer.hikari.HikariDataSource       : HikariPool-1 - Shutdown completed.
2025-01-28T12:49:16.790+05:30  INFO 18364 --- [SpringBootShoppingApp] [restartedMain] c.e.d.SpringBootShoppingAppApplication   : Starting SpringBootShoppingAppApplication using Java 21.0.5 with PID 18364 (C:\Users\2380226\git\repository\SpringBootShoppingApp\target\classes started by 2380226 in C:\Users\2380226\git\repository\SpringBootShoppingApp)
2025-01-28T12:49:16.791+05:30  INFO 18364 --- [SpringBootShoppingApp] [restartedMain] c.e.d.SpringBootShoppingAppApplication   : No active profile set, falling back to 1 default profile: "default"
2025-01-28T12:49:17.001+05:30  INFO 18364 --- [SpringBootShoppingApp] [restartedMain] .s.d.r.c.RepositoryConfigurationDelegate : Bootstrapping Spring Data JPA repositories in DEFAULT mode.
2025-01-28T12:49:17.018+05:30  INFO 18364 --- [SpringBootShoppingApp] [restartedMain] .s.d.r.c.RepositoryConfigurationDelegate : Finished Spring Data repository scanning in 15 ms. Found 2 JPA repository interfaces.
2025-01-28T12:49:17.082+05:30  INFO 18364 --- [SpringBootShoppingApp] [restartedMain] o.s.b.w.embedded.tomcat.TomcatWebServer  : Tomcat initialized with port 8090 (http)
2025-01-28T12:49:17.083+05:30  INFO 18364 --- [SpringBootShoppingApp] [restartedMain] o.apache.catalina.core.StandardService   : Starting service [Tomcat]
2025-01-28T12:49:17.083+05:30  INFO 18364 --- [SpringBootShoppingApp] [restartedMain] o.apache.catalina.core.StandardEngine    : Starting Servlet engine: [Apache Tomcat/10.1.34]
2025-01-28T12:49:17.118+05:30  INFO 18364 --- [SpringBootShoppingApp] [restartedMain] o.a.c.c.C.[Tomcat-3].[localhost].[/]     : Initializing Spring embedded WebApplicationContext
2025-01-28T12:49:17.118+05:30  INFO 18364 --- [SpringBootShoppingApp] [restartedMain] w.s.c.ServletWebServerApplicationContext : Root WebApplicationContext: initialization completed in 325 ms
2025-01-28T12:49:17.161+05:30  INFO 18364 --- [SpringBootShoppingApp] [restartedMain] o.hibernate.jpa.internal.util.LogHelper  : HHH000204: Processing PersistenceUnitInfo [name: default]
2025-01-28T12:49:17.165+05:30  INFO 18364 --- [SpringBootShoppingApp] [restartedMain] o.h.c.internal.RegionFactoryInitiator    : HHH000026: Second-level cache disabled
2025-01-28T12:49:17.183+05:30  INFO 18364 --- [SpringBootShoppingApp] [restartedMain] o.s.o.j.p.SpringPersistenceUnitInfo      : No LoadTimeWeaver setup: ignoring JPA class transformer
2025-01-28T12:49:17.185+05:30  INFO 18364 --- [SpringBootShoppingApp] [restartedMain] com.zaxxer.hikari.HikariDataSource       : HikariPool-2 - Starting...
2025-01-28T12:49:17.205+05:30  INFO 18364 --- [SpringBootShoppingApp] [restartedMain] com.zaxxer.hikari.pool.HikariPool        : HikariPool-2 - Added connection com.mysql.cj.jdbc.ConnectionImpl@43bae631
2025-01-28T12:49:17.206+05:30  INFO 18364 --- [SpringBootShoppingApp] [restartedMain] com.zaxxer.hikari.HikariDataSource       : HikariPool-2 - Start completed.
2025-01-28T12:49:17.208+05:30  INFO 18364 --- [SpringBootShoppingApp] [restartedMain] org.hibernate.orm.connections.pooling    : HHH10001005: Database info:
	Database JDBC URL [Connecting through datasource 'HikariDataSource (HikariPool-2)']
	Database driver: undefined/unknown
	Database version: 8.0.40
	Autocommit mode: undefined/unknown
	Isolation level: undefined/unknown
	Minimum pool size: undefined/unknown
	Maximum pool size: undefined/unknown
2025-01-28T12:49:17.289+05:30  INFO 18364 --- [SpringBootShoppingApp] [restartedMain] o.h.e.t.j.p.i.JtaPlatformInitiator       : HHH000489: No JTA platform available (set 'hibernate.transaction.jta.platform' to enable JTA platform integration)
2025-01-28T12:49:17.464+05:30  INFO 18364 --- [SpringBootShoppingApp] [restartedMain] j.LocalContainerEntityManagerFactoryBean : Initialized JPA EntityManagerFactory for persistence unit 'default'
2025-01-28T12:49:17.545+05:30  WARN 18364 --- [SpringBootShoppingApp] [restartedMain] JpaBaseConfiguration$JpaWebConfiguration : spring.jpa.open-in-view is enabled by default. Therefore, database queries may be performed during view rendering. Explicitly configure spring.jpa.open-in-view to disable this warning
2025-01-28T12:49:17.639+05:30  INFO 18364 --- [SpringBootShoppingApp] [restartedMain] o.s.b.d.a.OptionalLiveReloadServer       : LiveReload server is running on port 35729
2025-01-28T12:49:17.648+05:30  INFO 18364 --- [SpringBootShoppingApp] [restartedMain] o.s.b.w.embedded.tomcat.TomcatWebServer  : Tomcat started on port 8090 (http) with context path '/'
2025-01-28T12:49:17.652+05:30  INFO 18364 --- [SpringBootShoppingApp] [restartedMain] c.e.d.SpringBootShoppingAppApplication   : Started SpringBootShoppingAppApplication in 0.891 seconds (process running for 1446.191)
2025-01-28T12:49:17.655+05:30  INFO 18364 --- [SpringBootShoppingApp] [restartedMain] .ConditionEvaluationDeltaLoggingListener : Condition evaluation unchanged
2025-01-28T12:49:33.841+05:30  INFO 18364 --- [SpringBootShoppingApp] [File Watcher] rtingClassPathChangeChangedEventListener : Restarting due to 18 class path changes (0 additions, 0 deletions, 18 modifications)
2025-01-28T12:49:33.843+05:30  INFO 18364 --- [SpringBootShoppingApp] [Thread-7] o.s.b.w.e.tomcat.GracefulShutdown        : Commencing graceful shutdown. Waiting for active requests to complete
2025-01-28T12:49:33.848+05:30  INFO 18364 --- [SpringBootShoppingApp] [tomcat-shutdown] o.s.b.w.e.tomcat.GracefulShutdown        : Graceful shutdown complete
2025-01-28T12:49:33.850+05:30  INFO 18364 --- [SpringBootShoppingApp] [Thread-7] j.LocalContainerEntityManagerFactoryBean : Closing JPA EntityManagerFactory for persistence unit 'default'
2025-01-28T12:49:33.851+05:30  INFO 18364 --- [SpringBootShoppingApp] [Thread-7] com.zaxxer.hikari.HikariDataSource       : HikariPool-2 - Shutdown initiated...
2025-01-28T12:49:33.857+05:30  INFO 18364 --- [SpringBootShoppingApp] [Thread-7] com.zaxxer.hikari.HikariDataSource       : HikariPool-2 - Shutdown completed.
2025-01-28T12:49:33.926+05:30  INFO 18364 --- [SpringBootShoppingApp] [restartedMain] c.e.d.SpringBootShoppingAppApplication   : Starting SpringBootShoppingAppApplication using Java 21.0.5 with PID 18364 (C:\Users\2380226\git\repository\SpringBootShoppingApp\target\classes started by 2380226 in C:\Users\2380226\git\repository\SpringBootShoppingApp)
2025-01-28T12:49:33.927+05:30  INFO 18364 --- [SpringBootShoppingApp] [restartedMain] c.e.d.SpringBootShoppingAppApplication   : No active profile set, falling back to 1 default profile: "default"
2025-01-28T12:49:34.063+05:30  INFO 18364 --- [SpringBootShoppingApp] [restartedMain] .s.d.r.c.RepositoryConfigurationDelegate : Bootstrapping Spring Data JPA repositories in DEFAULT mode.
2025-01-28T12:49:34.077+05:30  INFO 18364 --- [SpringBootShoppingApp] [restartedMain] .s.d.r.c.RepositoryConfigurationDelegate : Finished Spring Data repository scanning in 12 ms. Found 2 JPA repository interfaces.
2025-01-28T12:49:34.138+05:30  INFO 18364 --- [SpringBootShoppingApp] [restartedMain] o.s.b.w.embedded.tomcat.TomcatWebServer  : Tomcat initialized with port 8090 (http)
2025-01-28T12:49:34.139+05:30  INFO 18364 --- [SpringBootShoppingApp] [restartedMain] o.apache.catalina.core.StandardService   : Starting service [Tomcat]
2025-01-28T12:49:34.139+05:30  INFO 18364 --- [SpringBootShoppingApp] [restartedMain] o.apache.catalina.core.StandardEngine    : Starting Servlet engine: [Apache Tomcat/10.1.34]
2025-01-28T12:49:34.174+05:30  INFO 18364 --- [SpringBootShoppingApp] [restartedMain] o.a.c.c.C.[Tomcat-3].[localhost].[/]     : Initializing Spring embedded WebApplicationContext
2025-01-28T12:49:34.174+05:30  INFO 18364 --- [SpringBootShoppingApp] [restartedMain] w.s.c.ServletWebServerApplicationContext : Root WebApplicationContext: initialization completed in 246 ms
2025-01-28T12:49:34.197+05:30  INFO 18364 --- [SpringBootShoppingApp] [restartedMain] o.hibernate.jpa.internal.util.LogHelper  : HHH000204: Processing PersistenceUnitInfo [name: default]
2025-01-28T12:49:34.198+05:30  INFO 18364 --- [SpringBootShoppingApp] [restartedMain] o.h.c.internal.RegionFactoryInitiator    : HHH000026: Second-level cache disabled
2025-01-28T12:49:34.205+05:30  INFO 18364 --- [SpringBootShoppingApp] [restartedMain] o.s.o.j.p.SpringPersistenceUnitInfo      : No LoadTimeWeaver setup: ignoring JPA class transformer
2025-01-28T12:49:34.205+05:30  INFO 18364 --- [SpringBootShoppingApp] [restartedMain] com.zaxxer.hikari.HikariDataSource       : HikariPool-3 - Starting...
2025-01-28T12:49:34.218+05:30  INFO 18364 --- [SpringBootShoppingApp] [restartedMain] com.zaxxer.hikari.pool.HikariPool        : HikariPool-3 - Added connection com.mysql.cj.jdbc.ConnectionImpl@348eb75b
2025-01-28T12:49:34.218+05:30  INFO 18364 --- [SpringBootShoppingApp] [restartedMain] com.zaxxer.hikari.HikariDataSource       : HikariPool-3 - Start completed.
2025-01-28T12:49:34.219+05:30  INFO 18364 --- [SpringBootShoppingApp] [restartedMain] org.hibernate.orm.connections.pooling    : HHH10001005: Database info:
	Database JDBC URL [Connecting through datasource 'HikariDataSource (HikariPool-3)']
	Database driver: undefined/unknown
	Database version: 8.0.40
	Autocommit mode: undefined/unknown
	Isolation level: undefined/unknown
	Minimum pool size: undefined/unknown
	Maximum pool size: undefined/unknown
2025-01-28T12:49:34.272+05:30  INFO 18364 --- [SpringBootShoppingApp] [restartedMain] o.h.e.t.j.p.i.JtaPlatformInitiator       : HHH000489: No JTA platform available (set 'hibernate.transaction.jta.platform' to enable JTA platform integration)
2025-01-28T12:49:34.436+05:30  INFO 18364 --- [SpringBootShoppingApp] [restartedMain] j.LocalContainerEntityManagerFactoryBean : Initialized JPA EntityManagerFactory for persistence unit 'default'
2025-01-28T12:49:34.485+05:30  WARN 18364 --- [SpringBootShoppingApp] [restartedMain] JpaBaseConfiguration$JpaWebConfiguration : spring.jpa.open-in-view is enabled by default. Therefore, database queries may be performed during view rendering. Explicitly configure spring.jpa.open-in-view to disable this warning
2025-01-28T12:49:34.543+05:30  INFO 18364 --- [SpringBootShoppingApp] [restartedMain] o.s.b.d.a.OptionalLiveReloadServer       : LiveReload server is running on port 35729
2025-01-28T12:49:34.554+05:30  INFO 18364 --- [SpringBootShoppingApp] [restartedMain] o.s.b.w.embedded.tomcat.TomcatWebServer  : Tomcat started on port 8090 (http) with context path '/'
2025-01-28T12:49:34.558+05:30  INFO 18364 --- [SpringBootShoppingApp] [restartedMain] c.e.d.SpringBootShoppingAppApplication   : Started SpringBootShoppingAppApplication in 0.651 seconds (process running for 1463.097)
2025-01-28T12:49:34.561+05:30  INFO 18364 --- [SpringBootShoppingApp] [restartedMain] .ConditionEvaluationDeltaLoggingListener : Condition evaluation unchanged
2025-01-28T12:49:51.159+05:30  INFO 18364 --- [SpringBootShoppingApp] [RMI TCP Connection(34)-127.0.0.1] inMXBeanRegistrar$SpringApplicationAdmin : Application shutdown requested.
2025-01-28T12:49:51.160+05:30  INFO 18364 --- [SpringBootShoppingApp] [RMI TCP Connection(34)-127.0.0.1] o.s.b.w.e.tomcat.GracefulShutdown        : Commencing graceful shutdown. Waiting for active requests to complete
2025-01-28T12:49:51.164+05:30  INFO 18364 --- [SpringBootShoppingApp] [tomcat-shutdown] o.s.b.w.e.tomcat.GracefulShutdown        : Graceful shutdown complete
2025-01-28T12:49:51.166+05:30  INFO 18364 --- [SpringBootShoppingApp] [RMI TCP Connection(34)-127.0.0.1] j.LocalContainerEntityManagerFactoryBean : Closing JPA EntityManagerFactory for persistence unit 'default'
2025-01-28T12:49:51.167+05:30  INFO 18364 --- [SpringBootShoppingApp] [RMI TCP Connection(34)-127.0.0.1] com.zaxxer.hikari.HikariDataSource       : HikariPool-3 - Shutdown initiated...
2025-01-28T12:49:51.173+05:30  INFO 18364 --- [SpringBootShoppingApp] [RMI TCP Connection(34)-127.0.0.1] com.zaxxer.hikari.HikariDataSource       : HikariPool-3 - Shutdown completed.
2025-01-28T12:49:56.142+05:30  INFO 3120 --- [SpringBootShoppingApp] [restartedMain] c.e.d.SpringBootShoppingAppApplication   : Starting SpringBootShoppingAppApplication using Java 21.0.5 with PID 3120 (C:\Users\2380226\git\repository\SpringBootShoppingApp\target\classes started by 2380226 in C:\Users\2380226\git\repository\SpringBootShoppingApp)
2025-01-28T12:49:56.143+05:30  INFO 3120 --- [SpringBootShoppingApp] [restartedMain] c.e.d.SpringBootShoppingAppApplication   : No active profile set, falling back to 1 default profile: "default"
2025-01-28T12:49:56.195+05:30  INFO 3120 --- [SpringBootShoppingApp] [restartedMain] .e.DevToolsPropertyDefaultsPostProcessor : Devtools property defaults active! Set 'spring.devtools.add-properties' to 'false' to disable
2025-01-28T12:49:56.195+05:30  INFO 3120 --- [SpringBootShoppingApp] [restartedMain] .e.DevToolsPropertyDefaultsPostProcessor : For additional web related logging consider setting the 'logging.level.web' property to 'DEBUG'
2025-01-28T12:49:57.098+05:30  INFO 3120 --- [SpringBootShoppingApp] [restartedMain] .s.d.r.c.RepositoryConfigurationDelegate : Bootstrapping Spring Data JPA repositories in DEFAULT mode.
2025-01-28T12:49:57.171+05:30  INFO 3120 --- [SpringBootShoppingApp] [restartedMain] .s.d.r.c.RepositoryConfigurationDelegate : Finished Spring Data repository scanning in 61 ms. Found 2 JPA repository interfaces.
2025-01-28T12:49:57.732+05:30  INFO 3120 --- [SpringBootShoppingApp] [restartedMain] o.s.b.w.embedded.tomcat.TomcatWebServer  : Tomcat initialized with port 8090 (http)
2025-01-28T12:49:57.751+05:30  INFO 3120 --- [SpringBootShoppingApp] [restartedMain] o.apache.catalina.core.StandardService   : Starting service [Tomcat]
2025-01-28T12:49:57.752+05:30  INFO 3120 --- [SpringBootShoppingApp] [restartedMain] o.apache.catalina.core.StandardEngine    : Starting Servlet engine: [Apache Tomcat/10.1.34]
2025-01-28T12:49:57.823+05:30  INFO 3120 --- [SpringBootShoppingApp] [restartedMain] o.a.c.c.C.[Tomcat].[localhost].[/]       : Initializing Spring embedded WebApplicationContext
2025-01-28T12:49:57.823+05:30  INFO 3120 --- [SpringBootShoppingApp] [restartedMain] w.s.c.ServletWebServerApplicationContext : Root WebApplicationContext: initialization completed in 1627 ms
2025-01-28T12:49:58.008+05:30  INFO 3120 --- [SpringBootShoppingApp] [restartedMain] o.hibernate.jpa.internal.util.LogHelper  : HHH000204: Processing PersistenceUnitInfo [name: default]
2025-01-28T12:49:58.114+05:30  INFO 3120 --- [SpringBootShoppingApp] [restartedMain] org.hibernate.Version                    : HHH000412: Hibernate ORM core version 6.6.4.Final
2025-01-28T12:49:58.190+05:30  INFO 3120 --- [SpringBootShoppingApp] [restartedMain] o.h.c.internal.RegionFactoryInitiator    : HHH000026: Second-level cache disabled
2025-01-28T12:49:58.556+05:30  INFO 3120 --- [SpringBootShoppingApp] [restartedMain] o.s.o.j.p.SpringPersistenceUnitInfo      : No LoadTimeWeaver setup: ignoring JPA class transformer
2025-01-28T12:49:58.594+05:30  INFO 3120 --- [SpringBootShoppingApp] [restartedMain] com.zaxxer.hikari.HikariDataSource       : HikariPool-1 - Starting...
2025-01-28T12:49:58.928+05:30  INFO 3120 --- [SpringBootShoppingApp] [restartedMain] com.zaxxer.hikari.pool.HikariPool        : HikariPool-1 - Added connection com.mysql.cj.jdbc.ConnectionImpl@27d8a3a7
2025-01-28T12:49:58.931+05:30  INFO 3120 --- [SpringBootShoppingApp] [restartedMain] com.zaxxer.hikari.HikariDataSource       : HikariPool-1 - Start completed.
2025-01-28T12:49:59.052+05:30  INFO 3120 --- [SpringBootShoppingApp] [restartedMain] org.hibernate.orm.connections.pooling    : HHH10001005: Database info:
	Database JDBC URL [Connecting through datasource 'HikariDataSource (HikariPool-1)']
	Database driver: undefined/unknown
	Database version: 8.0.40
	Autocommit mode: undefined/unknown
	Isolation level: undefined/unknown
	Minimum pool size: undefined/unknown
	Maximum pool size: undefined/unknown
2025-01-28T12:50:00.389+05:30  INFO 3120 --- [SpringBootShoppingApp] [restartedMain] o.h.e.t.j.p.i.JtaPlatformInitiator       : HHH000489: No JTA platform available (set 'hibernate.transaction.jta.platform' to enable JTA platform integration)
2025-01-28T12:50:00.630+05:30  INFO 3120 --- [SpringBootShoppingApp] [restartedMain] j.LocalContainerEntityManagerFactoryBean : Initialized JPA EntityManagerFactory for persistence unit 'default'
2025-01-28T12:50:01.163+05:30  WARN 3120 --- [SpringBootShoppingApp] [restartedMain] JpaBaseConfiguration$JpaWebConfiguration : spring.jpa.open-in-view is enabled by default. Therefore, database queries may be performed during view rendering. Explicitly configure spring.jpa.open-in-view to disable this warning
2025-01-28T12:50:01.702+05:30  INFO 3120 --- [SpringBootShoppingApp] [restartedMain] o.s.b.d.a.OptionalLiveReloadServer       : LiveReload server is running on port 35729
2025-01-28T12:50:01.744+05:30  INFO 3120 --- [SpringBootShoppingApp] [restartedMain] o.s.b.w.embedded.tomcat.TomcatWebServer  : Tomcat started on port 8090 (http) with context path '/'
2025-01-28T12:50:01.751+05:30  INFO 3120 --- [SpringBootShoppingApp] [restartedMain] c.e.d.SpringBootShoppingAppApplication   : Started SpringBootShoppingAppApplication in 6.03 seconds (process running for 6.759)
2025-01-28T12:51:18.513+05:30  INFO 3120 --- [SpringBootShoppingApp] [http-nio-8090-exec-1] o.a.c.c.C.[Tomcat].[localhost].[/]       : Initializing Spring DispatcherServlet 'dispatcherServlet'
2025-01-28T12:51:18.514+05:30  INFO 3120 --- [SpringBootShoppingApp] [http-nio-8090-exec-1] o.s.web.servlet.DispatcherServlet        : Initializing Servlet 'dispatcherServlet'
2025-01-28T12:51:18.517+05:30  INFO 3120 --- [SpringBootShoppingApp] [http-nio-8090-exec-1] o.s.web.servlet.DispatcherServlet        : Completed initialization in 2 ms
2025-01-28T12:51:19.737+05:30  INFO 3120 --- [SpringBootShoppingApp] [http-nio-8090-exec-9] o.springdoc.api.AbstractOpenApiResource  : Init duration for springdoc-openapi is: 707 ms
2025-01-28T13:03:34.392+05:30  INFO 3120 --- [SpringBootShoppingApp] [RMI TCP Connection(23)-127.0.0.1] inMXBeanRegistrar$SpringApplicationAdmin : Application shutdown requested.
2025-01-28T13:03:34.396+05:30  INFO 3120 --- [SpringBootShoppingApp] [RMI TCP Connection(23)-127.0.0.1] o.s.b.w.e.tomcat.GracefulShutdown        : Commencing graceful shutdown. Waiting for active requests to complete
2025-01-28T13:03:34.402+05:30  INFO 3120 --- [SpringBootShoppingApp] [tomcat-shutdown] o.s.b.w.e.tomcat.GracefulShutdown        : Graceful shutdown complete
2025-01-28T13:03:34.407+05:30  INFO 3120 --- [SpringBootShoppingApp] [RMI TCP Connection(23)-127.0.0.1] j.LocalContainerEntityManagerFactoryBean : Closing JPA EntityManagerFactory for persistence unit 'default'
2025-01-28T13:03:34.411+05:30  INFO 3120 --- [SpringBootShoppingApp] [RMI TCP Connection(23)-127.0.0.1] com.zaxxer.hikari.HikariDataSource       : HikariPool-1 - Shutdown initiated...
2025-01-28T13:03:34.426+05:30  INFO 3120 --- [SpringBootShoppingApp] [RMI TCP Connection(23)-127.0.0.1] com.zaxxer.hikari.HikariDataSource       : HikariPool-1 - Shutdown completed.
2025-01-28T14:45:13.125+05:30  INFO 16552 --- [SpringBootShoppingApp] [restartedMain] c.e.d.SpringBootShoppingAppApplication   : Starting SpringBootShoppingAppApplication using Java 21.0.5 with PID 16552 (C:\Users\2380226\git\repository\SpringBootShoppingApp\target\classes started by 2380226 in C:\Users\2380226\git\repository\SpringBootShoppingApp)
2025-01-28T14:45:13.128+05:30  INFO 16552 --- [SpringBootShoppingApp] [restartedMain] c.e.d.SpringBootShoppingAppApplication   : No active profile set, falling back to 1 default profile: "default"
2025-01-28T14:45:13.190+05:30  INFO 16552 --- [SpringBootShoppingApp] [restartedMain] .e.DevToolsPropertyDefaultsPostProcessor : Devtools property defaults active! Set 'spring.devtools.add-properties' to 'false' to disable
2025-01-28T14:45:13.190+05:30  INFO 16552 --- [SpringBootShoppingApp] [restartedMain] .e.DevToolsPropertyDefaultsPostProcessor : For additional web related logging consider setting the 'logging.level.web' property to 'DEBUG'
2025-01-28T14:45:14.179+05:30  INFO 16552 --- [SpringBootShoppingApp] [restartedMain] .s.d.r.c.RepositoryConfigurationDelegate : Bootstrapping Spring Data JPA repositories in DEFAULT mode.
2025-01-28T14:45:14.240+05:30  INFO 16552 --- [SpringBootShoppingApp] [restartedMain] .s.d.r.c.RepositoryConfigurationDelegate : Finished Spring Data repository scanning in 49 ms. Found 2 JPA repository interfaces.
2025-01-28T14:45:14.764+05:30  INFO 16552 --- [SpringBootShoppingApp] [restartedMain] o.s.b.w.embedded.tomcat.TomcatWebServer  : Tomcat initialized with port 8090 (http)
2025-01-28T14:45:14.779+05:30  INFO 16552 --- [SpringBootShoppingApp] [restartedMain] o.apache.catalina.core.StandardService   : Starting service [Tomcat]
2025-01-28T14:45:14.780+05:30  INFO 16552 --- [SpringBootShoppingApp] [restartedMain] o.apache.catalina.core.StandardEngine    : Starting Servlet engine: [Apache Tomcat/10.1.34]
2025-01-28T14:45:14.836+05:30  INFO 16552 --- [SpringBootShoppingApp] [restartedMain] o.a.c.c.C.[Tomcat].[localhost].[/]       : Initializing Spring embedded WebApplicationContext
2025-01-28T14:45:14.837+05:30  INFO 16552 --- [SpringBootShoppingApp] [restartedMain] w.s.c.ServletWebServerApplicationContext : Root WebApplicationContext: initialization completed in 1644 ms
2025-01-28T14:45:14.981+05:30  INFO 16552 --- [SpringBootShoppingApp] [restartedMain] o.hibernate.jpa.internal.util.LogHelper  : HHH000204: Processing PersistenceUnitInfo [name: default]
2025-01-28T14:45:15.068+05:30  INFO 16552 --- [SpringBootShoppingApp] [restartedMain] org.hibernate.Version                    : HHH000412: Hibernate ORM core version 6.6.4.Final
2025-01-28T14:45:15.122+05:30  INFO 16552 --- [SpringBootShoppingApp] [restartedMain] o.h.c.internal.RegionFactoryInitiator    : HHH000026: Second-level cache disabled
2025-01-28T14:45:15.443+05:30  INFO 16552 --- [SpringBootShoppingApp] [restartedMain] o.s.o.j.p.SpringPersistenceUnitInfo      : No LoadTimeWeaver setup: ignoring JPA class transformer
2025-01-28T14:45:15.477+05:30  INFO 16552 --- [SpringBootShoppingApp] [restartedMain] com.zaxxer.hikari.HikariDataSource       : HikariPool-1 - Starting...
2025-01-28T14:45:15.867+05:30  INFO 16552 --- [SpringBootShoppingApp] [restartedMain] com.zaxxer.hikari.pool.HikariPool        : HikariPool-1 - Added connection com.mysql.cj.jdbc.ConnectionImpl@45ae8ab5
2025-01-28T14:45:15.869+05:30  INFO 16552 --- [SpringBootShoppingApp] [restartedMain] com.zaxxer.hikari.HikariDataSource       : HikariPool-1 - Start completed.
2025-01-28T14:45:15.973+05:30  INFO 16552 --- [SpringBootShoppingApp] [restartedMain] org.hibernate.orm.connections.pooling    : HHH10001005: Database info:
	Database JDBC URL [Connecting through datasource 'HikariDataSource (HikariPool-1)']
	Database driver: undefined/unknown
	Database version: 8.0.40
	Autocommit mode: undefined/unknown
	Isolation level: undefined/unknown
	Minimum pool size: undefined/unknown
	Maximum pool size: undefined/unknown
2025-01-28T14:45:16.984+05:30  INFO 16552 --- [SpringBootShoppingApp] [restartedMain] o.h.e.t.j.p.i.JtaPlatformInitiator       : HHH000489: No JTA platform available (set 'hibernate.transaction.jta.platform' to enable JTA platform integration)
2025-01-28T14:45:17.162+05:30  INFO 16552 --- [SpringBootShoppingApp] [restartedMain] j.LocalContainerEntityManagerFactoryBean : Initialized JPA EntityManagerFactory for persistence unit 'default'
2025-01-28T14:45:17.545+05:30  WARN 16552 --- [SpringBootShoppingApp] [restartedMain] JpaBaseConfiguration$JpaWebConfiguration : spring.jpa.open-in-view is enabled by default. Therefore, database queries may be performed during view rendering. Explicitly configure spring.jpa.open-in-view to disable this warning
2025-01-28T14:45:17.922+05:30  INFO 16552 --- [SpringBootShoppingApp] [restartedMain] o.s.b.d.a.OptionalLiveReloadServer       : LiveReload server is running on port 35729
2025-01-28T14:45:17.957+05:30  INFO 16552 --- [SpringBootShoppingApp] [restartedMain] o.s.b.w.embedded.tomcat.TomcatWebServer  : Tomcat started on port 8090 (http) with context path '/'
2025-01-28T14:45:17.964+05:30  INFO 16552 --- [SpringBootShoppingApp] [restartedMain] c.e.d.SpringBootShoppingAppApplication   : Started SpringBootShoppingAppApplication in 5.275 seconds (process running for 6.538)
2025-01-28T14:46:42.815+05:30  INFO 16552 --- [SpringBootShoppingApp] [http-nio-8090-exec-2] o.a.c.c.C.[Tomcat].[localhost].[/]       : Initializing Spring DispatcherServlet 'dispatcherServlet'
2025-01-28T14:46:42.815+05:30  INFO 16552 --- [SpringBootShoppingApp] [http-nio-8090-exec-2] o.s.web.servlet.DispatcherServlet        : Initializing Servlet 'dispatcherServlet'
2025-01-28T14:46:42.819+05:30  INFO 16552 --- [SpringBootShoppingApp] [http-nio-8090-exec-2] o.s.web.servlet.DispatcherServlet        : Completed initialization in 2 ms
2025-01-28T14:47:41.611+05:30  WARN 16552 --- [SpringBootShoppingApp] [http-nio-8090-exec-3] .w.s.m.s.DefaultHandlerExceptionResolver : Resolved [org.springframework.web.HttpRequestMethodNotSupportedException: Request method 'POST' is not supported]
2025-01-28T14:49:35.039+05:30  WARN 16552 --- [SpringBootShoppingApp] [http-nio-8090-exec-6] .w.s.m.s.DefaultHandlerExceptionResolver : Resolved [org.springframework.web.HttpRequestMethodNotSupportedException: Request method 'POST' is not supported]
